<?xml version="1.0" encoding="UTF-8"?>
<!-- Generated by org.testng.reporters.JUnitXMLReporter -->
<testsuite ignored="20" hostname="SEZLP657" failures="0" tests="1" name="Default test" time="0.055" errors="0" timestamp="2022-07-16T11:33:39 IST">
  <testcase classname="reusable.BaseClass" name="@BeforeTest Login" time="-1.657951419749E9">
    <failure type="org.testng.TestNGException" message="
Parameter &amp;apos;browser&amp;apos; is required by BeforeTest on method Login but has not been marked @Optional or defined
in C:\Users\mounisha.m\AppData\Local\Temp\testng-eclipse-286365760\testng-customsuite.xml">
      <![CDATA[org.testng.TestNGException: 
Parameter 'browser' is required by BeforeTest on method Login but has not been marked @Optional or defined
in C:\Users\mounisha.m\AppData\Local\Temp\testng-eclipse-286365760\testng-customsuite.xml
at org.testng.internal.Parameters.createParams(Parameters.java:272)
at org.testng.internal.Parameters.createParametersForMethod(Parameters.java:360)
at org.testng.internal.Parameters.createParameters(Parameters.java:704)
at org.testng.internal.Parameters.createConfigurationParameters(Parameters.java:166)
at org.testng.internal.ConfigInvoker.invokeConfigurations(ConfigInvoker.java:283)
at org.testng.TestRunner.invokeTestConfigurations(TestRunner.java:619)
at org.testng.TestRunner.beforeRun(TestRunner.java:609)
at org.testng.TestRunner.run(TestRunner.java:580)
at org.testng.SuiteRunner.runTest(SuiteRunner.java:384)
at org.testng.SuiteRunner.runSequentially(SuiteRunner.java:378)
at org.testng.SuiteRunner.privateRun(SuiteRunner.java:337)
at org.testng.SuiteRunner.run(SuiteRunner.java:286)
at org.testng.SuiteRunnerWorker.runSuite(SuiteRunnerWorker.java:53)
at org.testng.SuiteRunnerWorker.run(SuiteRunnerWorker.java:96)
at org.testng.TestNG.runSuitesSequentially(TestNG.java:1187)
at org.testng.TestNG.runSuitesLocally(TestNG.java:1109)
at org.testng.TestNG.runSuites(TestNG.java:1039)
at org.testng.TestNG.run(TestNG.java:1007)
at org.testng.remote.AbstractRemoteTestNG.run(AbstractRemoteTestNG.java:115)
at org.testng.remote.RemoteTestNG.initAndRun(RemoteTestNG.java:251)
at org.testng.remote.RemoteTestNG.main(RemoteTestNG.java:77)
]]>
    </failure>
  </testcase> <!-- @BeforeTest Login -->
  <testcase classname="reusable.BaseClass" name="@BeforeTest startReport" time="-1.657951419763E9">
    <skipped/>
  </testcase> <!-- @BeforeTest startReport -->
  <testcase classname="main.ExecutionClass" name="@BeforeTest setValue" time="-1.657951419766E9">
    <skipped/>
  </testcase> <!-- @BeforeTest setValue -->
  <testcase classname="reusable.BaseClass" name="@AfterTest postcondition" time="-1.657951419791E9">
    <skipped/>
  </testcase> <!-- @AfterTest postcondition -->
  <testcase classname="reusable.BaseClass" name="@AfterTest stopReport" time="-1.657951419796E9">
    <skipped/>
  </testcase> <!-- @AfterTest stopReport -->
  <testcase classname="main.ExecutionClass" name="TS_SDIR_016" time="0.0">
    <skipped/>
  </testcase> <!-- TS_SDIR_016 -->
  <testcase classname="reusable.BaseClass" name="@AfterTest postcondition" time="0.0">
    <ignored/>
  </testcase> <!-- @AfterTest postcondition -->
  <testcase classname="reusable.BaseClass" name="@AfterTest postcondition" time="0.0">
    <ignored/>
  </testcase> <!-- @AfterTest postcondition -->
  <testcase classname="reusable.BaseClass" name="@AfterTest postcondition" time="0.0">
    <ignored/>
  </testcase> <!-- @AfterTest postcondition -->
  <testcase classname="reusable.BaseClass" name="@AfterTest postcondition" time="0.0">
    <ignored/>
  </testcase> <!-- @AfterTest postcondition -->
  <testcase classname="reusable.BaseClass" name="@AfterTest postcondition" time="0.0">
    <ignored/>
  </testcase> <!-- @AfterTest postcondition -->
  <testcase classname="reusable.BaseClass" name="@BeforeTest Login" time="0.0">
    <ignored/>
  </testcase> <!-- @BeforeTest Login -->
  <testcase classname="reusable.BaseClass" name="@BeforeTest Login" time="0.0">
    <ignored/>
  </testcase> <!-- @BeforeTest Login -->
  <testcase classname="reusable.BaseClass" name="@BeforeTest Login" time="0.0">
    <ignored/>
  </testcase> <!-- @BeforeTest Login -->
  <testcase classname="reusable.BaseClass" name="@BeforeTest Login" time="0.0">
    <ignored/>
  </testcase> <!-- @BeforeTest Login -->
  <testcase classname="reusable.BaseClass" name="@BeforeTest Login" time="0.0">
    <ignored/>
  </testcase> <!-- @BeforeTest Login -->
  <testcase classname="reusable.BaseClass" name="@BeforeTest startReport" time="0.0">
    <ignored/>
  </testcase> <!-- @BeforeTest startReport -->
  <testcase classname="reusable.BaseClass" name="@BeforeTest startReport" time="0.0">
    <ignored/>
  </testcase> <!-- @BeforeTest startReport -->
  <testcase classname="reusable.BaseClass" name="@BeforeTest startReport" time="0.0">
    <ignored/>
  </testcase> <!-- @BeforeTest startReport -->
  <testcase classname="reusable.BaseClass" name="@BeforeTest startReport" time="0.0">
    <ignored/>
  </testcase> <!-- @BeforeTest startReport -->
  <testcase classname="reusable.BaseClass" name="@BeforeTest startReport" time="0.0">
    <ignored/>
  </testcase> <!-- @BeforeTest startReport -->
  <testcase classname="reusable.BaseClass" name="@AfterTest stopReport" time="0.0">
    <ignored/>
  </testcase> <!-- @AfterTest stopReport -->
  <testcase classname="reusable.BaseClass" name="@AfterTest stopReport" time="0.0">
    <ignored/>
  </testcase> <!-- @AfterTest stopReport -->
  <testcase classname="reusable.BaseClass" name="@AfterTest stopReport" time="0.0">
    <ignored/>
  </testcase> <!-- @AfterTest stopReport -->
  <testcase classname="reusable.BaseClass" name="@AfterTest stopReport" time="0.0">
    <ignored/>
  </testcase> <!-- @AfterTest stopReport -->
  <testcase classname="reusable.BaseClass" name="@AfterTest stopReport" time="0.0">
    <ignored/>
  </testcase> <!-- @AfterTest stopReport -->
</testsuite> <!-- Default test -->
