<?xml version="1.0" encoding="UTF-8"?>
<testng-results ignored="0" total="1" passed="1" failed="0" skipped="0">
  <reporter-output>
  </reporter-output>
  <suite started-at="2022-07-14T01:48:29 IST" name="Default suite" finished-at="2022-07-14T01:48:29 IST" duration-ms="30">
    <groups>
    </groups>
    <test started-at="2022-07-14T01:48:29 IST" name="Default test" finished-at="2022-07-14T01:48:29 IST" duration-ms="30">
      <class name="resusable.BaseClass">
        <test-method signature="test1()[pri:0, instance:resusable.BaseClass@1583741e]" started-at="2022-07-14T01:48:29 IST" name="test1" finished-at="2022-07-14T01:48:29 IST" duration-ms="5" status="PASS">
          <reporter-output>
          </reporter-output>
        </test-method> <!-- test1 -->
      </class> <!-- resusable.BaseClass -->
    </test> <!-- Default test -->
  </suite> <!-- Default suite -->
</testng-results>
