<?xml version="1.0" encoding="UTF-8"?>
<testng-results ignored="0" total="3" passed="3" failed="0" skipped="0">
  <reporter-output>
  </reporter-output>
  <suite started-at="2022-07-14T02:31:48 IST" name="Default suite" finished-at="2022-07-14T02:31:48 IST" duration-ms="41">
    <groups>
    </groups>
    <test started-at="2022-07-14T02:31:48 IST" name="Default test" finished-at="2022-07-14T02:31:48 IST" duration-ms="41">
      <class name="resusable.BaseClass">
        <test-method signature="test1()[pri:0, instance:resusable.BaseClass@36060e]" started-at="2022-07-14T02:31:48 IST" name="test1" finished-at="2022-07-14T02:31:48 IST" duration-ms="9" status="PASS">
          <reporter-output>
          </reporter-output>
        </test-method> <!-- test1 -->
      </class> <!-- resusable.BaseClass -->
      <class name="AppPages.HomPage">
        <test-method signature="test1()[pri:0, instance:AppPages.HomPage@481ba2cf]" started-at="2022-07-14T02:31:48 IST" name="test1" finished-at="2022-07-14T02:31:48 IST" duration-ms="3" status="PASS">
          <reporter-output>
          </reporter-output>
        </test-method> <!-- test1 -->
        <test-method signature="test()[pri:0, instance:AppPages.HomPage@481ba2cf]" started-at="2022-07-14T02:31:48 IST" name="test" finished-at="2022-07-14T02:31:48 IST" duration-ms="1" status="PASS">
          <reporter-output>
          </reporter-output>
        </test-method> <!-- test -->
      </class> <!-- AppPages.HomPage -->
    </test> <!-- Default test -->
  </suite> <!-- Default suite -->
</testng-results>
