<?xml version="1.0" encoding="UTF-8"?>
<!-- Generated by org.testng.reporters.JUnitXMLReporter -->
<testsuite ignored="0" hostname="SEZLP657" failures="0" tests="3" name="Test" time="36.621" errors="0" timestamp="2022-07-18T14:18:04 IST">
  <testcase classname="main.ExecutionClass" name="TS_SDIR_016" time="9.606"/>
  <testcase classname="main.ExecutionClass" name="TS_SDIR_017" time="9.001"/>
  <testcase classname="main.ExecutionClass" name="TS_SDIR_019" time="9.401"/>
</testsuite> <!-- Test -->
